<?xml version="1.0" encoding="UTF-8"?>
<testng-results ignored="0" total="1" passed="1" failed="0" skipped="0">
  <reporter-output>
  </reporter-output>
  <suite started-at="2022-11-24T19:26:38 IST" name="Default suite" finished-at="2022-11-24T19:27:19 IST" duration-ms="41206">
    <groups>
    </groups>
    <test started-at="2022-11-24T19:26:38 IST" name="Default test" finished-at="2022-11-24T19:27:19 IST" duration-ms="41206">
      <class name="testScripts.Testcase1">
        <test-method is-config="true" signature="testSetUp()[pri:0, instance:testScripts.Testcase1@12aba8be]" started-at="2022-11-24T19:26:38 IST" name="testSetUp" finished-at="2022-11-24T19:26:38 IST" duration-ms="31" status="PASS">
          <reporter-output>
          </reporter-output>
        </test-method> <!-- testSetUp -->
        <test-method is-config="true" signature="classSetUp()[pri:0, instance:testScripts.Testcase1@12aba8be]" started-at="2022-11-24T19:26:38 IST" name="classSetUp" finished-at="2022-11-24T19:26:42 IST" duration-ms="3698" status="PASS">
          <reporter-output>
          </reporter-output>
        </test-method> <!-- classSetUp -->
        <test-method is-config="true" signature="methodSetUp()[pri:0, instance:testScripts.Testcase1@12aba8be]" started-at="2022-11-24T19:26:42 IST" name="methodSetUp" finished-at="2022-11-24T19:27:05 IST" duration-ms="23227" status="PASS">
          <reporter-output>
          </reporter-output>
        </test-method> <!-- methodSetUp -->
        <test-method signature="firstTest()[pri:0, instance:testScripts.Testcase1@12aba8be]" started-at="2022-11-24T19:27:05 IST" name="firstTest" finished-at="2022-11-24T19:27:16 IST" duration-ms="11531" status="PASS">
          <reporter-output>
          </reporter-output>
        </test-method> <!-- firstTest -->
        <test-method is-config="true" signature="methodTearDown()[pri:0, instance:testScripts.Testcase1@12aba8be]" started-at="2022-11-24T19:27:16 IST" name="methodTearDown" finished-at="2022-11-24T19:27:19 IST" duration-ms="2618" status="PASS">
          <reporter-output>
          </reporter-output>
        </test-method> <!-- methodTearDown -->
        <test-method is-config="true" signature="classTearDown()[pri:0, instance:testScripts.Testcase1@12aba8be]" started-at="2022-11-24T19:27:19 IST" name="classTearDown" finished-at="2022-11-24T19:27:19 IST" duration-ms="1" status="PASS">
          <reporter-output>
          </reporter-output>
        </test-method> <!-- classTearDown -->
      </class> <!-- testScripts.Testcase1 -->
    </test> <!-- Default test -->
  </suite> <!-- Default suite -->
</testng-results>
